<?xml version="1.0" encoding="UTF-8"?>
<!-- Generated by org.testng.reporters.JUnitXMLReporter -->
<testsuite hostname="Muhammets-MacBook-Air.local" ignored="1" name="HubSpot Functional Regression Test -- firefox" tests="3" failures="0" timestamp="2020-07-28T12:51:29 CDT" time="24.459" errors="0">
  <testcase name="verifyLoginPageTitleTest" time="6.748" classname="com.qa.hubspot.tests.LoginPageTest"/>
  <testcase name="verifySignUpLinkTest" time="1.216" classname="com.qa.hubspot.tests.LoginPageTest"/>
  <testcase name="loginTest" time="12.101" classname="com.qa.hubspot.tests.LoginPageTest"/>
  <testcase name="login_invalidTestCase" time="0.0" classname="com.qa.hubspot.tests.LoginPageTest">
    <ignored/>
  </testcase> <!-- login_invalidTestCase -->
</testsuite> <!-- HubSpot Functional Regression Test - firefox -->
