<?xml version="1.0" encoding="UTF-8"?>
<!-- Generated by org.testng.reporters.JUnitXMLReporter -->
<testsuite hostname="Muhammets-MacBook-Air.local" ignored="1" name="HubSpot Functional Regression Test" tests="3" failures="0" timestamp="2020-07-26T14:02:44 CDT" time="37.0" errors="0">
  <testcase name="verifyLoginPageTitleTest" time="7.51" classname="com.qa.hubspot.tests.LoginPageTest"/>
  <testcase name="verifySignUpLinkTest" time="0.01" classname="com.qa.hubspot.tests.LoginPageTest"/>
  <testcase name="loginTest" time="19.348" classname="com.qa.hubspot.tests.LoginPageTest"/>
  <testcase name="login_invalidTestCase" time="0.0" classname="com.qa.hubspot.tests.LoginPageTest">
    <ignored/>
  </testcase> <!-- login_invalidTestCase -->
</testsuite> <!-- HubSpot Functional Regression Test -->
