<?xml version="1.0" encoding="UTF-8"?>
<testng-results skipped="0" failed="0" ignored="3" total="4" passed="1">
  <reporter-output>
  </reporter-output>
  <suite name="Surefire suite" duration-ms="14489" started-at="2020-07-25T23:38:54Z" finished-at="2020-07-25T23:39:08Z">
    <groups>
    </groups>
    <test name="Surefire test" duration-ms="14489" started-at="2020-07-25T23:38:54Z" finished-at="2020-07-25T23:39:08Z">
      <class name="com.qa.hubspot.tests.LoginPageTest">
        <test-method status="PASS" signature="setUp()[pri:0, instance:com.qa.hubspot.tests.LoginPageTest@13e3c1c7]" name="setUp" is-config="true" duration-ms="4301" started-at="2020-07-25T23:38:54Z" finished-at="2020-07-25T23:38:59Z">
          <reporter-output>
          </reporter-output>
        </test-method> <!-- setUp -->
        <test-method status="PASS" signature="loginTest()[pri:3, instance:com.qa.hubspot.tests.LoginPageTest@13e3c1c7]" name="loginTest" duration-ms="9499" started-at="2020-07-25T23:38:59Z" description="invalid username and password for the login page" finished-at="2020-07-25T23:39:08Z">
          <reporter-output>
          </reporter-output>
        </test-method> <!-- loginTest -->
        <test-method status="PASS" signature="tearDown()[pri:0, instance:com.qa.hubspot.tests.LoginPageTest@13e3c1c7]" name="tearDown" is-config="true" duration-ms="137" started-at="2020-07-25T23:39:08Z" finished-at="2020-07-25T23:39:08Z">
          <reporter-output>
          </reporter-output>
        </test-method> <!-- tearDown -->
      </class> <!-- com.qa.hubspot.tests.LoginPageTest -->
    </test> <!-- Surefire test -->
  </suite> <!-- Surefire suite -->
</testng-results>
